[debug] [2025-10-09T20:17:10.317Z] ----------------------------------------------------------------------
[debug] [2025-10-09T20:17:10.323Z] Command:       C:\Program Files\nodejs\node.exe C:\Users\teste\AppData\Roaming\npm\node_modules\firebase-tools\lib\bin\firebase.js deploy --only functions --project optify-definitivo
[debug] [2025-10-09T20:17:10.324Z] CLI Version:   14.16.0
[debug] [2025-10-09T20:17:10.324Z] Platform:      win32
[debug] [2025-10-09T20:17:10.324Z] Node Version:  v22.19.0
[debug] [2025-10-09T20:17:10.325Z] Time:          Thu Oct 09 2025 17:17:10 GMT-0300 (Horário Padrão de Brasília)
[debug] [2025-10-09T20:17:10.325Z] ----------------------------------------------------------------------
[debug] 
[debug] [2025-10-09T20:17:10.847Z] > command requires scopes: ["email","openid","https://www.googleapis.com/auth/cloudplatformprojects.readonly","https://www.googleapis.com/auth/firebase","https://www.googleapis.com/auth/cloud-platform"]
[debug] [2025-10-09T20:17:10.847Z] > authorizing via signed-in user (theohideki@gmail.com)
[debug] [2025-10-09T20:17:10.848Z] [iam] checking project optify-definitivo for permissions ["cloudfunctions.functions.create","cloudfunctions.functions.delete","cloudfunctions.functions.get","cloudfunctions.functions.list","cloudfunctions.functions.update","cloudfunctions.operations.get","firebase.projects.get"]
[debug] [2025-10-09T20:17:10.849Z] Checked if tokens are valid: true, expires at: 1760043238566
[debug] [2025-10-09T20:17:10.849Z] Checked if tokens are valid: true, expires at: 1760043238566
[debug] [2025-10-09T20:17:10.850Z] >>> [apiv2][query] POST https://cloudresourcemanager.googleapis.com/v1/projects/optify-definitivo:testIamPermissions [none]
[debug] [2025-10-09T20:17:10.851Z] >>> [apiv2][(partial)header] POST https://cloudresourcemanager.googleapis.com/v1/projects/optify-definitivo:testIamPermissions x-goog-quota-user=projects/optify-definitivo
[debug] [2025-10-09T20:17:10.851Z] >>> [apiv2][body] POST https://cloudresourcemanager.googleapis.com/v1/projects/optify-definitivo:testIamPermissions {"permissions":["cloudfunctions.functions.create","cloudfunctions.functions.delete","cloudfunctions.functions.get","cloudfunctions.functions.list","cloudfunctions.functions.update","cloudfunctions.operations.get","firebase.projects.get"]}
[debug] [2025-10-09T20:17:11.857Z] <<< [apiv2][status] POST https://cloudresourcemanager.googleapis.com/v1/projects/optify-definitivo:testIamPermissions 200
[debug] [2025-10-09T20:17:11.857Z] <<< [apiv2][body] POST https://cloudresourcemanager.googleapis.com/v1/projects/optify-definitivo:testIamPermissions {"permissions":["cloudfunctions.functions.create","cloudfunctions.functions.delete","cloudfunctions.functions.get","cloudfunctions.functions.list","cloudfunctions.functions.update","cloudfunctions.operations.get","firebase.projects.get"]}
[debug] [2025-10-09T20:17:11.858Z] Checked if tokens are valid: true, expires at: 1760043238566
[debug] [2025-10-09T20:17:11.858Z] Checked if tokens are valid: true, expires at: 1760043238566
[debug] [2025-10-09T20:17:11.858Z] >>> [apiv2][query] POST https://iam.googleapis.com/v1/projects/optify-definitivo/serviceAccounts/optify-definitivo@appspot.gserviceaccount.com:testIamPermissions [none]
[debug] [2025-10-09T20:17:11.858Z] >>> [apiv2][body] POST https://iam.googleapis.com/v1/projects/optify-definitivo/serviceAccounts/optify-definitivo@appspot.gserviceaccount.com:testIamPermissions {"permissions":["iam.serviceAccounts.actAs"]}
[debug] [2025-10-09T20:17:12.821Z] <<< [apiv2][status] POST https://iam.googleapis.com/v1/projects/optify-definitivo/serviceAccounts/optify-definitivo@appspot.gserviceaccount.com:testIamPermissions 200
[debug] [2025-10-09T20:17:12.821Z] <<< [apiv2][body] POST https://iam.googleapis.com/v1/projects/optify-definitivo/serviceAccounts/optify-definitivo@appspot.gserviceaccount.com:testIamPermissions {"permissions":["iam.serviceAccounts.actAs"]}
[info] 
[info] === Deploying to 'optify-definitivo'...
[info] 
[info] i  deploying functions 
[info] Running command: npm --prefix "$RESOURCE_DIR" run build
[info] +  functions: Finished running predeploy script. 
[debug] [2025-10-09T20:17:18.742Z] Checked if tokens are valid: true, expires at: 1760043238566
[debug] [2025-10-09T20:17:18.742Z] Checked if tokens are valid: true, expires at: 1760043238566
[debug] [2025-10-09T20:17:18.742Z] >>> [apiv2][query] GET https://cloudresourcemanager.googleapis.com/v1/projects/optify-definitivo [none]
[debug] [2025-10-09T20:17:19.651Z] <<< [apiv2][status] GET https://cloudresourcemanager.googleapis.com/v1/projects/optify-definitivo 200
[debug] [2025-10-09T20:17:19.652Z] <<< [apiv2][body] GET https://cloudresourcemanager.googleapis.com/v1/projects/optify-definitivo {"projectNumber":"1083748361977","projectId":"optify-definitivo","lifecycleState":"ACTIVE","name":"Optify DEFINITIVO!!!!!!","labels":{"firebase":"enabled","firebase-core":"disabled"},"createTime":"2025-10-08T00:16:17.839254Z"}
[info] i  functions: preparing codebase default for deployment 
[info] i  functions: ensuring required API cloudfunctions.googleapis.com is enabled... 
[info] i  functions: ensuring required API cloudbuild.googleapis.com is enabled... 
[info] i  artifactregistry: ensuring required API artifactregistry.googleapis.com is enabled... 
[debug] [2025-10-09T20:17:19.659Z] Checked if tokens are valid: true, expires at: 1760043238566
[debug] [2025-10-09T20:17:19.660Z] Checked if tokens are valid: true, expires at: 1760043238566
[debug] [2025-10-09T20:17:19.660Z] >>> [apiv2][query] GET https://firebase.googleapis.com/v1beta1/projects/optify-definitivo/adminSdkConfig [none]
[debug] [2025-10-09T20:17:20.378Z] <<< [apiv2][status] GET https://firebase.googleapis.com/v1beta1/projects/optify-definitivo/adminSdkConfig 200
[debug] [2025-10-09T20:17:20.378Z] <<< [apiv2][body] GET https://firebase.googleapis.com/v1beta1/projects/optify-definitivo/adminSdkConfig {"projectId":"optify-definitivo","storageBucket":"optify-definitivo.firebasestorage.app"}
[debug] [2025-10-09T20:17:20.379Z] Checked if tokens are valid: true, expires at: 1760043238566
[debug] [2025-10-09T20:17:20.379Z] Checked if tokens are valid: true, expires at: 1760043238566
[debug] [2025-10-09T20:17:20.379Z] >>> [apiv2][query] GET https://runtimeconfig.googleapis.com/v1beta1/projects/optify-definitivo/configs [none]
[debug] [2025-10-09T20:17:20.942Z] <<< [apiv2][status] GET https://runtimeconfig.googleapis.com/v1beta1/projects/optify-definitivo/configs 200
[debug] [2025-10-09T20:17:20.942Z] <<< [apiv2][body] GET https://runtimeconfig.googleapis.com/v1beta1/projects/optify-definitivo/configs {"configs":[{"name":"projects/optify-definitivo/configs/mercadopago"}]}
[debug] [2025-10-09T20:17:20.943Z] Checked if tokens are valid: true, expires at: 1760043238566
[debug] [2025-10-09T20:17:20.943Z] Checked if tokens are valid: true, expires at: 1760043238566
[debug] [2025-10-09T20:17:20.943Z] >>> [apiv2][query] GET https://runtimeconfig.googleapis.com/v1beta1/projects/optify-definitivo/configs/mercadopago/variables [none]
[debug] [2025-10-09T20:17:21.402Z] <<< [apiv2][status] GET https://runtimeconfig.googleapis.com/v1beta1/projects/optify-definitivo/configs/mercadopago/variables 200
[debug] [2025-10-09T20:17:21.403Z] <<< [apiv2][body] GET https://runtimeconfig.googleapis.com/v1beta1/projects/optify-definitivo/configs/mercadopago/variables {"variables":[{"name":"projects/optify-definitivo/configs/mercadopago/variables/webhook_secret","updateTime":"2025-10-09T18:58:58.231684502Z"},{"name":"projects/optify-definitivo/configs/mercadopago/variables/access_token","updateTime":"2025-10-09T18:58:58.489462141Z"}]}
[debug] [2025-10-09T20:17:21.403Z] Checked if tokens are valid: true, expires at: 1760043238566
[debug] [2025-10-09T20:17:21.404Z] Checked if tokens are valid: true, expires at: 1760043238566
[debug] [2025-10-09T20:17:21.404Z] Checked if tokens are valid: true, expires at: 1760043238566
[debug] [2025-10-09T20:17:21.404Z] Checked if tokens are valid: true, expires at: 1760043238566
[debug] [2025-10-09T20:17:21.404Z] >>> [apiv2][query] GET https://runtimeconfig.googleapis.com/v1beta1/projects/optify-definitivo/configs/mercadopago/variables/webhook_secret [none]
[debug] [2025-10-09T20:17:21.405Z] >>> [apiv2][query] GET https://runtimeconfig.googleapis.com/v1beta1/projects/optify-definitivo/configs/mercadopago/variables/access_token [none]
[debug] [2025-10-09T20:17:21.719Z] <<< [apiv2][status] GET https://runtimeconfig.googleapis.com/v1beta1/projects/optify-definitivo/configs/mercadopago/variables/webhook_secret 200
[debug] [2025-10-09T20:17:21.719Z] <<< [apiv2][body] GET https://runtimeconfig.googleapis.com/v1beta1/projects/optify-definitivo/configs/mercadopago/variables/webhook_secret {"name":"projects/optify-definitivo/configs/mercadopago/variables/webhook_secret","updateTime":"2025-10-09T18:58:58.231684502Z","text":"d2f65399c863658bfaf6adb73621b346c4f644bef36905f136e1f46a9b44c33c"}
[debug] [2025-10-09T20:17:22.460Z] <<< [apiv2][status] GET https://runtimeconfig.googleapis.com/v1beta1/projects/optify-definitivo/configs/mercadopago/variables/access_token 200
[debug] [2025-10-09T20:17:22.460Z] <<< [apiv2][body] GET https://runtimeconfig.googleapis.com/v1beta1/projects/optify-definitivo/configs/mercadopago/variables/access_token {"name":"projects/optify-definitivo/configs/mercadopago/variables/access_token","updateTime":"2025-10-09T18:58:58.489462141Z","text":"APP_USR-5496244105993399-070119-b9bec860fcf72e513a288bf609f3700c-454772336"}
[debug] [2025-10-09T20:17:22.461Z] Validating nodejs source
[warn] !  functions: package.json indicates an outdated version of firebase-functions. Please upgrade using npm install --save firebase-functions@latest in your functions directory. 
[debug] [2025-10-09T20:17:24.627Z] > [functions] package.json contents: {
  "name": "functions",
  "scripts": {
    "lint": "eslint .",
    "build": "tsc",
    "build:watch": "tsc --watch",
    "serve": "npm run build && firebase emulators:start --only functions",
    "shell": "npm run build && firebase functions:shell",
    "start": "npm run shell",
    "deploy": "firebase deploy --only functions",
    "logs": "firebase functions:log"
  },
  "engines": {
    "node": "22"
  },
  "main": "lib/index.js",
  "dependencies": {
    "cors": "^2.8.5",
    "firebase-admin": "^12.6.0",
    "firebase-functions": "^6.0.1",
    "mercadopago": "^2.9.0"
  },
  "devDependencies": {
    "@typescript-eslint/eslint-plugin": "^5.12.0",
    "@typescript-eslint/parser": "^5.12.0",
    "eslint": "^8.9.0",
    "eslint-config-google": "^0.14.0",
    "eslint-plugin-import": "^2.25.4",
    "firebase-functions-test": "^3.1.0",
    "typescript": "^5.7.3"
  },
  "private": true
}
[debug] [2025-10-09T20:17:24.628Z] Building nodejs source
[info] i  functions: Loading and analyzing source code for codebase default to determine what to deploy 
[debug] [2025-10-09T20:17:24.630Z] Could not find functions.yaml. Must use http discovery
[debug] [2025-10-09T20:17:24.649Z] Found firebase-functions binary at 'C:\Users\teste\Downloads\optify_new\functions\node_modules\.bin\firebase-functions'
[info] Serving at port 8419

[error] {"severity":"WARNING","message":"MERCADOPAGO_ACCESS_TOKEN não definido nas variáveis de ambiente."}

[debug] [2025-10-09T20:17:26.340Z] Got response from /__/functions.yaml {"endpoints":{"mpCreatePreference":{"availableMemoryMb":null,"timeoutSeconds":null,"minInstances":null,"maxInstances":null,"ingressSettings":null,"concurrency":null,"serviceAccountEmail":null,"vpc":null,"platform":"gcfv2","labels":{},"httpsTrigger":{},"entryPoint":"mpCreatePreference"},"mpWebhook":{"availableMemoryMb":null,"timeoutSeconds":null,"minInstances":null,"maxInstances":null,"ingressSettings":null,"concurrency":null,"serviceAccountEmail":null,"vpc":null,"platform":"gcfv2","labels":{},"httpsTrigger":{},"entryPoint":"mpWebhook"},"grantAdmin":{"availableMemoryMb":null,"timeoutSeconds":null,"minInstances":null,"maxInstances":null,"ingressSettings":null,"concurrency":null,"serviceAccountEmail":null,"vpc":null,"platform":"gcfv2","labels":{},"httpsTrigger":{},"entryPoint":"grantAdmin"}},"specVersion":"v1alpha1","requiredAPIs":[],"extensions":{}}
[info] i  extensions: ensuring required API firebaseextensions.googleapis.com is enabled... 
[debug] [2025-10-09T20:17:30.392Z] > command requires scopes: ["email","openid","https://www.googleapis.com/auth/cloudplatformprojects.readonly","https://www.googleapis.com/auth/firebase","https://www.googleapis.com/auth/cloud-platform"]
[debug] [2025-10-09T20:17:30.393Z] > authorizing via signed-in user (theohideki@gmail.com)
[debug] [2025-10-09T20:17:30.393Z] [iam] checking project optify-definitivo for permissions ["firebase.projects.get","firebaseextensions.instances.list"]
[debug] [2025-10-09T20:17:30.393Z] Checked if tokens are valid: true, expires at: 1760043238566
[debug] [2025-10-09T20:17:30.393Z] Checked if tokens are valid: true, expires at: 1760043238566
[debug] [2025-10-09T20:17:30.393Z] >>> [apiv2][query] POST https://cloudresourcemanager.googleapis.com/v1/projects/optify-definitivo:testIamPermissions [none]
[debug] [2025-10-09T20:17:30.393Z] >>> [apiv2][(partial)header] POST https://cloudresourcemanager.googleapis.com/v1/projects/optify-definitivo:testIamPermissions x-goog-quota-user=projects/optify-definitivo
[debug] [2025-10-09T20:17:30.393Z] >>> [apiv2][body] POST https://cloudresourcemanager.googleapis.com/v1/projects/optify-definitivo:testIamPermissions {"permissions":["firebase.projects.get","firebaseextensions.instances.list"]}
[debug] [2025-10-09T20:17:31.332Z] <<< [apiv2][status] POST https://cloudresourcemanager.googleapis.com/v1/projects/optify-definitivo:testIamPermissions 200
[debug] [2025-10-09T20:17:31.332Z] <<< [apiv2][body] POST https://cloudresourcemanager.googleapis.com/v1/projects/optify-definitivo:testIamPermissions {"permissions":["firebase.projects.get","firebaseextensions.instances.list"]}
[debug] [2025-10-09T20:17:31.333Z] Checked if tokens are valid: true, expires at: 1760043238566
[debug] [2025-10-09T20:17:31.333Z] Checked if tokens are valid: true, expires at: 1760043238566
[debug] [2025-10-09T20:17:31.333Z] >>> [apiv2][query] GET https://firebaseextensions.googleapis.com/v1beta/projects/optify-definitivo/instances pageSize=100&pageToken=
[debug] [2025-10-09T20:17:32.543Z] <<< [apiv2][status] GET https://firebaseextensions.googleapis.com/v1beta/projects/optify-definitivo/instances 200
[debug] [2025-10-09T20:17:32.543Z] <<< [apiv2][body] GET https://firebaseextensions.googleapis.com/v1beta/projects/optify-definitivo/instances {}
[info] i  functions: preparing functions directory for uploading... 
[info] i  functions: packaged C:\Users\teste\Downloads\optify_new\functions (105.92 KB) for uploading 
[debug] [2025-10-09T20:17:32.620Z] Checked if tokens are valid: true, expires at: 1760043238566
[debug] [2025-10-09T20:17:32.620Z] Checked if tokens are valid: true, expires at: 1760043238566
[debug] [2025-10-09T20:17:32.621Z] >>> [apiv2][query] GET https://cloudfunctions.googleapis.com/v1/projects/optify-definitivo/locations/-/functions [none]
[debug] [2025-10-09T20:17:33.753Z] <<< [apiv2][status] GET https://cloudfunctions.googleapis.com/v1/projects/optify-definitivo/locations/-/functions 200
[debug] [2025-10-09T20:17:33.753Z] <<< [apiv2][body] GET https://cloudfunctions.googleapis.com/v1/projects/optify-definitivo/locations/-/functions {}
[debug] [2025-10-09T20:17:33.754Z] Checked if tokens are valid: true, expires at: 1760043238566
[debug] [2025-10-09T20:17:33.754Z] Checked if tokens are valid: true, expires at: 1760043238566
[debug] [2025-10-09T20:17:33.755Z] >>> [apiv2][query] GET https://cloudfunctions.googleapis.com/v2/projects/optify-definitivo/locations/-/functions filter=environment%3D%22GEN_2%22
[debug] [2025-10-09T20:17:35.061Z] <<< [apiv2][status] GET https://cloudfunctions.googleapis.com/v2/projects/optify-definitivo/locations/-/functions 200
[debug] [2025-10-09T20:17:35.061Z] <<< [apiv2][body] GET https://cloudfunctions.googleapis.com/v2/projects/optify-definitivo/locations/-/functions {"functions":[{"name":"projects/optify-definitivo/locations/us-central1/functions/grantAdmin","buildConfig":{"build":"projects/1083748361977/locations/us-central1/builds/3d8b3d87-1444-4f76-b184-34fe93fe9855","runtime":"nodejs22","entryPoint":"grantAdmin","source":{"storageSource":{"bucket":"gcf-v2-sources-1083748361977-us-central1","object":"grantAdmin/function-source.zip","generation":"1760039672889449"}},"environmentVariables":{"GOOGLE_NODE_RUN_SCRIPTS":""},"dockerRepository":"projects/optify-definitivo/locations/us-central1/repositories/gcf-artifacts","sourceProvenance":{"resolvedStorageSource":{"bucket":"gcf-v2-sources-1083748361977-us-central1","object":"grantAdmin/function-source.zip","generation":"1760039672889449"}},"dockerRegistry":"ARTIFACT_REGISTRY","serviceAccount":"projects/optify-definitivo/serviceAccounts/1083748361977-compute@developer.gserviceaccount.com","automaticUpdatePolicy":{}},"serviceConfig":{"service":"projects/optify-definitivo/locations/us-central1/services/grantadmin","timeoutSeconds":60,"environmentVariables":{"FIREBASE_CONFIG":"{\"projectId\":\"optify-definitivo\",\"storageBucket\":\"optify-definitivo.firebasestorage.app\"}","GCLOUD_PROJECT":"optify-definitivo","EVENTARC_CLOUD_EVENT_SOURCE":"projects/optify-definitivo/locations/us-central1/services/grantAdmin","FUNCTION_TARGET":"grantAdmin","LOG_EXECUTION_ID":"true"},"maxInstanceCount":20,"ingressSettings":"ALLOW_ALL","uri":"https://grantadmin-3ysw3ji34q-uc.a.run.app","serviceAccountEmail":"1083748361977-compute@developer.gserviceaccount.com","availableMemory":"256Mi","allTrafficOnLatestRevision":true,"revision":"grantadmin-00001-yen","maxInstanceRequestConcurrency":80,"availableCpu":"1"},"state":"ACTIVE","updateTime":"2025-10-09T19:55:30.197204906Z","labels":{"deployment-tool":"cli-firebase","firebase-functions-hash":"60b9cd74d37efbb5ffc79e7ac38b4c1505bf657f"},"environment":"GEN_2","url":"https://us-central1-optify-definitivo.cloudfunctions.net/grantAdmin","createTime":"2025-10-09T19:54:33.098839202Z","satisfiesPzi":true},{"name":"projects/optify-definitivo/locations/us-central1/functions/mpCreatePreference","buildConfig":{"build":"projects/1083748361977/locations/us-central1/builds/3d8b3d87-1444-4f76-b184-34fe93fe9855","runtime":"nodejs22","entryPoint":"mpCreatePreference","source":{"storageSource":{"bucket":"gcf-v2-sources-1083748361977-us-central1","object":"mpCreatePreference/function-source.zip","generation":"1760039728916394"}},"environmentVariables":{"GOOGLE_NODE_RUN_SCRIPTS":""},"dockerRepository":"projects/optify-definitivo/locations/us-central1/repositories/gcf-artifacts","sourceProvenance":{"resolvedStorageSource":{"bucket":"gcf-v2-sources-1083748361977-us-central1","object":"mpCreatePreference/function-source.zip","generation":"1760039728916394"}},"dockerRegistry":"ARTIFACT_REGISTRY","serviceAccount":"projects/optify-definitivo/serviceAccounts/1083748361977-compute@developer.gserviceaccount.com","automaticUpdatePolicy":{}},"serviceConfig":{"service":"projects/optify-definitivo/locations/us-central1/services/mpcreatepreference","timeoutSeconds":60,"environmentVariables":{"FIREBASE_CONFIG":"{\"projectId\":\"optify-definitivo\",\"storageBucket\":\"optify-definitivo.firebasestorage.app\"}","GCLOUD_PROJECT":"optify-definitivo","EVENTARC_CLOUD_EVENT_SOURCE":"projects/optify-definitivo/locations/us-central1/services/mpCreatePreference","FUNCTION_TARGET":"mpCreatePreference","LOG_EXECUTION_ID":"true","FUNCTION_SIGNATURE_TYPE":"http"},"maxInstanceCount":20,"ingressSettings":"ALLOW_ALL","uri":"https://mpcreatepreference-3ysw3ji34q-uc.a.run.app","serviceAccountEmail":"1083748361977-compute@developer.gserviceaccount.com","availableMemory":"256Mi","allTrafficOnLatestRevision":true,"revision":"mpcreatepreference-00002-bot","maxInstanceRequestConcurrency":80,"availableCpu":"1"},"state":"ACTIVE","updateTime":"2025-10-09T19:55:40.847486772Z","labels":{"deployment-tool":"cli-firebase","firebase-functions-hash":"60b9cd74d37efbb5ffc79e7ac38b4c1505bf657f"},"environment":"GEN_2","url":"https://us-central1-optify-definitivo.cloudfunctions.net/mpCreatePreference","createTime":"2025-10-09T19:15:04.908402567Z","satisfiesPzi":true},{"name":"projects/optify-definitivo/locations/us-central1/functions/mpWebhook","buildConfig":{"build":"projects/1083748361977/locations/us-central1/builds/3d8b3d87-1444-4f76-b184-34fe93fe9855","runtime":"nodejs22","entryPoint":"mpWebhook","source":{"storageSource":{"bucket":"gcf-v2-sources-1083748361977-us-central1","object":"mpWebhook/function-source.zip","generation":"1760039728939985"}},"environmentVariables":{"GOOGLE_NODE_RUN_SCRIPTS":""},"dockerRepository":"projects/optify-definitivo/locations/us-central1/repositories/gcf-artifacts","sourceProvenance":{"resolvedStorageSource":{"bucket":"gcf-v2-sources-1083748361977-us-central1","object":"mpWebhook/function-source.zip","generation":"1760039728939985"}},"dockerRegistry":"ARTIFACT_REGISTRY","serviceAccount":"projects/optify-definitivo/serviceAccounts/1083748361977-compute@developer.gserviceaccount.com","automaticUpdatePolicy":{}},"serviceConfig":{"service":"projects/optify-definitivo/locations/us-central1/services/mpwebhook","timeoutSeconds":60,"environmentVariables":{"FIREBASE_CONFIG":"{\"projectId\":\"optify-definitivo\",\"storageBucket\":\"optify-definitivo.firebasestorage.app\"}","GCLOUD_PROJECT":"optify-definitivo","EVENTARC_CLOUD_EVENT_SOURCE":"projects/optify-definitivo/locations/us-central1/services/mpWebhook","FUNCTION_TARGET":"mpWebhook","LOG_EXECUTION_ID":"true","FUNCTION_SIGNATURE_TYPE":"http"},"maxInstanceCount":20,"ingressSettings":"ALLOW_ALL","uri":"https://mpwebhook-3ysw3ji34q-uc.a.run.app","serviceAccountEmail":"1083748361977-compute@developer.gserviceaccount.com","availableMemory":"256Mi","allTrafficOnLatestRevision":true,"revision":"mpwebhook-00002-vut","maxInstanceRequestConcurrency":80,"availableCpu":"1"},"state":"ACTIVE","updateTime":"2025-10-09T19:55:41.202812287Z","labels":{"deployment-tool":"cli-firebase","firebase-functions-hash":"60b9cd74d37efbb5ffc79e7ac38b4c1505bf657f"},"environment":"GEN_2","url":"https://us-central1-optify-definitivo.cloudfunctions.net/mpWebhook","createTime":"2025-10-09T19:16:22.098404070Z","satisfiesPzi":true}]}
[info] i  functions: ensuring required API run.googleapis.com is enabled... 
[info] i  functions: ensuring required API eventarc.googleapis.com is enabled... 
[info] i  functions: ensuring required API pubsub.googleapis.com is enabled... 
[info] i  functions: ensuring required API storage.googleapis.com is enabled... 
[info] i  functions: generating the service identity for pubsub.googleapis.com... 
[debug] [2025-10-09T20:17:35.077Z] Checked if tokens are valid: true, expires at: 1760043238566
[debug] [2025-10-09T20:17:35.078Z] Checked if tokens are valid: true, expires at: 1760043238566
[info] i  functions: generating the service identity for eventarc.googleapis.com... 
[debug] [2025-10-09T20:17:35.078Z] Checked if tokens are valid: true, expires at: 1760043238566
[debug] [2025-10-09T20:17:35.078Z] Checked if tokens are valid: true, expires at: 1760043238566
[debug] [2025-10-09T20:17:35.078Z] >>> [apiv2][query] POST https://serviceusage.googleapis.com/v1beta1/projects/1083748361977/services/pubsub.googleapis.com:generateServiceIdentity [none]
[debug] [2025-10-09T20:17:35.078Z] >>> [apiv2][(partial)header] POST https://serviceusage.googleapis.com/v1beta1/projects/1083748361977/services/pubsub.googleapis.com:generateServiceIdentity x-goog-quota-user=projects/1083748361977
[debug] [2025-10-09T20:17:35.078Z] >>> [apiv2][body] POST https://serviceusage.googleapis.com/v1beta1/projects/1083748361977/services/pubsub.googleapis.com:generateServiceIdentity {}
[debug] [2025-10-09T20:17:35.080Z] >>> [apiv2][query] POST https://serviceusage.googleapis.com/v1beta1/projects/1083748361977/services/eventarc.googleapis.com:generateServiceIdentity [none]
[debug] [2025-10-09T20:17:35.080Z] >>> [apiv2][(partial)header] POST https://serviceusage.googleapis.com/v1beta1/projects/1083748361977/services/eventarc.googleapis.com:generateServiceIdentity x-goog-quota-user=projects/1083748361977
[debug] [2025-10-09T20:17:35.080Z] >>> [apiv2][body] POST https://serviceusage.googleapis.com/v1beta1/projects/1083748361977/services/eventarc.googleapis.com:generateServiceIdentity {}
[debug] [2025-10-09T20:17:36.242Z] <<< [apiv2][status] POST https://serviceusage.googleapis.com/v1beta1/projects/1083748361977/services/pubsub.googleapis.com:generateServiceIdentity 200
[debug] [2025-10-09T20:17:36.243Z] <<< [apiv2][body] POST https://serviceusage.googleapis.com/v1beta1/projects/1083748361977/services/pubsub.googleapis.com:generateServiceIdentity {"name":"operations/finished.DONE_OPERATION","done":true,"response":{"@type":"type.googleapis.com/google.api.serviceusage.v1beta1.ServiceIdentity","email":"service-1083748361977@gcp-sa-pubsub.iam.gserviceaccount.com","uniqueId":"104652137778888853634"}}
[debug] [2025-10-09T20:17:36.245Z] <<< [apiv2][status] POST https://serviceusage.googleapis.com/v1beta1/projects/1083748361977/services/eventarc.googleapis.com:generateServiceIdentity 200
[debug] [2025-10-09T20:17:36.245Z] <<< [apiv2][body] POST https://serviceusage.googleapis.com/v1beta1/projects/1083748361977/services/eventarc.googleapis.com:generateServiceIdentity {"name":"operations/finished.DONE_OPERATION","done":true,"response":{"@type":"type.googleapis.com/google.api.serviceusage.v1beta1.ServiceIdentity","email":"service-1083748361977@gcp-sa-eventarc.iam.gserviceaccount.com","uniqueId":"111831331600472821869"}}
[debug] [2025-10-09T20:17:36.248Z] Checked if tokens are valid: true, expires at: 1760043238566
[debug] [2025-10-09T20:17:36.248Z] Checked if tokens are valid: true, expires at: 1760043238566
[debug] [2025-10-09T20:17:36.248Z] >>> [apiv2][query] GET https://cloudresourcemanager.googleapis.com/v1/projects/optify-definitivo [none]
[debug] [2025-10-09T20:17:36.457Z] <<< [apiv2][status] GET https://cloudresourcemanager.googleapis.com/v1/projects/optify-definitivo 200
[debug] [2025-10-09T20:17:36.458Z] <<< [apiv2][body] GET https://cloudresourcemanager.googleapis.com/v1/projects/optify-definitivo {"projectNumber":"1083748361977","projectId":"optify-definitivo","lifecycleState":"ACTIVE","name":"Optify DEFINITIVO!!!!!!","labels":{"firebase":"enabled","firebase-core":"disabled"},"createTime":"2025-10-08T00:16:17.839254Z"}
[debug] [2025-10-09T20:17:36.458Z] Checked if tokens are valid: true, expires at: 1760043238566
[debug] [2025-10-09T20:17:36.458Z] Checked if tokens are valid: true, expires at: 1760043238566
[debug] [2025-10-09T20:17:36.458Z] >>> [apiv2][query] GET https://compute.googleapis.com/compute/v1/projects/1083748361977 [none]
[debug] [2025-10-09T20:17:36.884Z] <<< [apiv2][status] GET https://compute.googleapis.com/compute/v1/projects/1083748361977 403
[debug] [2025-10-09T20:17:36.884Z] <<< [apiv2][body] GET https://compute.googleapis.com/compute/v1/projects/1083748361977 {"error":{"code":403,"message":"Compute Engine API has not been used in project 1083748361977 before or it is disabled. Enable it by visiting https://console.developers.google.com/apis/api/compute.googleapis.com/overview?project=1083748361977 then retry. If you enabled this API recently, wait a few minutes for the action to propagate to our systems and retry.","errors":[{"message":"Compute Engine API has not been used in project 1083748361977 before or it is disabled. Enable it by visiting https://console.developers.google.com/apis/api/compute.googleapis.com/overview?project=1083748361977 then retry. If you enabled this API recently, wait a few minutes for the action to propagate to our systems and retry.","domain":"usageLimits","reason":"accessNotConfigured","extendedHelp":"https://console.developers.google.com"}],"status":"PERMISSION_DENIED","details":[{"@type":"type.googleapis.com/google.rpc.ErrorInfo","reason":"SERVICE_DISABLED","domain":"googleapis.com","metadata":{"containerInfo":"1083748361977","service":"compute.googleapis.com","serviceTitle":"Compute Engine API","consumer":"projects/1083748361977","activationUrl":"https://console.developers.google.com/apis/api/compute.googleapis.com/overview?project=1083748361977"}},{"@type":"type.googleapis.com/google.rpc.LocalizedMessage","locale":"en-US","message":"Compute Engine API has not been used in project 1083748361977 before or it is disabled. Enable it by visiting https://console.developers.google.com/apis/api/compute.googleapis.com/overview?project=1083748361977 then retry. If you enabled this API recently, wait a few minutes for the action to propagate to our systems and retry."},{"@type":"type.googleapis.com/google.rpc.Help","links":[{"description":"Google developers console API activation","url":"https://console.developers.google.com/apis/api/compute.googleapis.com/overview?project=1083748361977"}]}]}}
[debug] [2025-10-09T20:17:36.884Z] unable to look up default compute service account. Falling back to 1083748361977-compute@developer.gserviceaccount.com. Error: {"name":"FirebaseError","children":[],"context":{"body":{"error":{"code":403,"message":"Compute Engine API has not been used in project 1083748361977 before or it is disabled. Enable it by visiting https://console.developers.google.com/apis/api/compute.googleapis.com/overview?project=1083748361977 then retry. If you enabled this API recently, wait a few minutes for the action to propagate to our systems and retry.","errors":[{"message":"Compute Engine API has not been used in project 1083748361977 before or it is disabled. Enable it by visiting https://console.developers.google.com/apis/api/compute.googleapis.com/overview?project=1083748361977 then retry. If you enabled this API recently, wait a few minutes for the action to propagate to our systems and retry.","domain":"usageLimits","reason":"accessNotConfigured","extendedHelp":"https://console.developers.google.com"}],"status":"PERMISSION_DENIED","details":[{"@type":"type.googleapis.com/google.rpc.ErrorInfo","reason":"SERVICE_DISABLED","domain":"googleapis.com","metadata":{"containerInfo":"1083748361977","service":"compute.googleapis.com","serviceTitle":"Compute Engine API","consumer":"projects/1083748361977","activationUrl":"https://console.developers.google.com/apis/api/compute.googleapis.com/overview?project=1083748361977"}},{"@type":"type.googleapis.com/google.rpc.LocalizedMessage","locale":"en-US","message":"Compute Engine API has not been used in project 1083748361977 before or it is disabled. Enable it by visiting https://console.developers.google.com/apis/api/compute.googleapis.com/overview?project=1083748361977 then retry. If you enabled this API recently, wait a few minutes for the action to propagate to our systems and retry."},{"@type":"type.googleapis.com/google.rpc.Help","links":[{"description":"Google developers console API activation","url":"https://console.developers.google.com/apis/api/compute.googleapis.com/overview?project=1083748361977"}]}]}},"response":{"statusCode":403}},"exit":1,"message":"Request to https://compute.googleapis.com/compute/v1/projects/1083748361977 had HTTP Error: 403, Compute Engine API has not been used in project 1083748361977 before or it is disabled. Enable it by visiting https://console.developers.google.com/apis/api/compute.googleapis.com/overview?project=1083748361977 then retry. If you enabled this API recently, wait a few minutes for the action to propagate to our systems and retry.","status":403}
[debug] [2025-10-09T20:17:36.885Z] Checked if tokens are valid: true, expires at: 1760043238566
[debug] [2025-10-09T20:17:36.885Z] Checked if tokens are valid: true, expires at: 1760043238566
[debug] [2025-10-09T20:17:36.885Z] >>> [apiv2][query] GET https://compute.googleapis.com/compute/v1/projects/1083748361977 [none]
[debug] [2025-10-09T20:17:37.921Z] <<< [apiv2][status] GET https://compute.googleapis.com/compute/v1/projects/1083748361977 403
[debug] [2025-10-09T20:17:37.921Z] <<< [apiv2][body] GET https://compute.googleapis.com/compute/v1/projects/1083748361977 {"error":{"code":403,"message":"Compute Engine API has not been used in project 1083748361977 before or it is disabled. Enable it by visiting https://console.developers.google.com/apis/api/compute.googleapis.com/overview?project=1083748361977 then retry. If you enabled this API recently, wait a few minutes for the action to propagate to our systems and retry.","errors":[{"message":"Compute Engine API has not been used in project 1083748361977 before or it is disabled. Enable it by visiting https://console.developers.google.com/apis/api/compute.googleapis.com/overview?project=1083748361977 then retry. If you enabled this API recently, wait a few minutes for the action to propagate to our systems and retry.","domain":"usageLimits","reason":"accessNotConfigured","extendedHelp":"https://console.developers.google.com"}],"status":"PERMISSION_DENIED","details":[{"@type":"type.googleapis.com/google.rpc.ErrorInfo","reason":"SERVICE_DISABLED","domain":"googleapis.com","metadata":{"service":"compute.googleapis.com","activationUrl":"https://console.developers.google.com/apis/api/compute.googleapis.com/overview?project=1083748361977","containerInfo":"1083748361977","serviceTitle":"Compute Engine API","consumer":"projects/1083748361977"}},{"@type":"type.googleapis.com/google.rpc.LocalizedMessage","locale":"en-US","message":"Compute Engine API has not been used in project 1083748361977 before or it is disabled. Enable it by visiting https://console.developers.google.com/apis/api/compute.googleapis.com/overview?project=1083748361977 then retry. If you enabled this API recently, wait a few minutes for the action to propagate to our systems and retry."},{"@type":"type.googleapis.com/google.rpc.Help","links":[{"description":"Google developers console API activation","url":"https://console.developers.google.com/apis/api/compute.googleapis.com/overview?project=1083748361977"}]}]}}
[debug] [2025-10-09T20:17:37.922Z] unable to look up default compute service account. Falling back to 1083748361977-compute@developer.gserviceaccount.com. Error: {"name":"FirebaseError","children":[],"context":{"body":{"error":{"code":403,"message":"Compute Engine API has not been used in project 1083748361977 before or it is disabled. Enable it by visiting https://console.developers.google.com/apis/api/compute.googleapis.com/overview?project=1083748361977 then retry. If you enabled this API recently, wait a few minutes for the action to propagate to our systems and retry.","errors":[{"message":"Compute Engine API has not been used in project 1083748361977 before or it is disabled. Enable it by visiting https://console.developers.google.com/apis/api/compute.googleapis.com/overview?project=1083748361977 then retry. If you enabled this API recently, wait a few minutes for the action to propagate to our systems and retry.","domain":"usageLimits","reason":"accessNotConfigured","extendedHelp":"https://console.developers.google.com"}],"status":"PERMISSION_DENIED","details":[{"@type":"type.googleapis.com/google.rpc.ErrorInfo","reason":"SERVICE_DISABLED","domain":"googleapis.com","metadata":{"service":"compute.googleapis.com","activationUrl":"https://console.developers.google.com/apis/api/compute.googleapis.com/overview?project=1083748361977","containerInfo":"1083748361977","serviceTitle":"Compute Engine API","consumer":"projects/1083748361977"}},{"@type":"type.googleapis.com/google.rpc.LocalizedMessage","locale":"en-US","message":"Compute Engine API has not been used in project 1083748361977 before or it is disabled. Enable it by visiting https://console.developers.google.com/apis/api/compute.googleapis.com/overview?project=1083748361977 then retry. If you enabled this API recently, wait a few minutes for the action to propagate to our systems and retry."},{"@type":"type.googleapis.com/google.rpc.Help","links":[{"description":"Google developers console API activation","url":"https://console.developers.google.com/apis/api/compute.googleapis.com/overview?project=1083748361977"}]}]}},"response":{"statusCode":403}},"exit":1,"message":"Request to https://compute.googleapis.com/compute/v1/projects/1083748361977 had HTTP Error: 403, Compute Engine API has not been used in project 1083748361977 before or it is disabled. Enable it by visiting https://console.developers.google.com/apis/api/compute.googleapis.com/overview?project=1083748361977 then retry. If you enabled this API recently, wait a few minutes for the action to propagate to our systems and retry.","status":403}
[debug] [2025-10-09T20:17:37.922Z] Checked if tokens are valid: true, expires at: 1760043238566
[debug] [2025-10-09T20:17:37.922Z] Checked if tokens are valid: true, expires at: 1760043238566
[debug] [2025-10-09T20:17:37.922Z] >>> [apiv2][query] GET https://compute.googleapis.com/compute/v1/projects/1083748361977 [none]
[debug] [2025-10-09T20:17:38.179Z] <<< [apiv2][status] GET https://compute.googleapis.com/compute/v1/projects/1083748361977 403
[debug] [2025-10-09T20:17:38.179Z] <<< [apiv2][body] GET https://compute.googleapis.com/compute/v1/projects/1083748361977 {"error":{"code":403,"message":"Compute Engine API has not been used in project 1083748361977 before or it is disabled. Enable it by visiting https://console.developers.google.com/apis/api/compute.googleapis.com/overview?project=1083748361977 then retry. If you enabled this API recently, wait a few minutes for the action to propagate to our systems and retry.","errors":[{"message":"Compute Engine API has not been used in project 1083748361977 before or it is disabled. Enable it by visiting https://console.developers.google.com/apis/api/compute.googleapis.com/overview?project=1083748361977 then retry. If you enabled this API recently, wait a few minutes for the action to propagate to our systems and retry.","domain":"usageLimits","reason":"accessNotConfigured","extendedHelp":"https://console.developers.google.com"}],"status":"PERMISSION_DENIED","details":[{"@type":"type.googleapis.com/google.rpc.ErrorInfo","reason":"SERVICE_DISABLED","domain":"googleapis.com","metadata":{"serviceTitle":"Compute Engine API","containerInfo":"1083748361977","service":"compute.googleapis.com","consumer":"projects/1083748361977","activationUrl":"https://console.developers.google.com/apis/api/compute.googleapis.com/overview?project=1083748361977"}},{"@type":"type.googleapis.com/google.rpc.LocalizedMessage","locale":"en-US","message":"Compute Engine API has not been used in project 1083748361977 before or it is disabled. Enable it by visiting https://console.developers.google.com/apis/api/compute.googleapis.com/overview?project=1083748361977 then retry. If you enabled this API recently, wait a few minutes for the action to propagate to our systems and retry."},{"@type":"type.googleapis.com/google.rpc.Help","links":[{"description":"Google developers console API activation","url":"https://console.developers.google.com/apis/api/compute.googleapis.com/overview?project=1083748361977"}]}]}}
[debug] [2025-10-09T20:17:38.179Z] unable to look up default compute service account. Falling back to 1083748361977-compute@developer.gserviceaccount.com. Error: {"name":"FirebaseError","children":[],"context":{"body":{"error":{"code":403,"message":"Compute Engine API has not been used in project 1083748361977 before or it is disabled. Enable it by visiting https://console.developers.google.com/apis/api/compute.googleapis.com/overview?project=1083748361977 then retry. If you enabled this API recently, wait a few minutes for the action to propagate to our systems and retry.","errors":[{"message":"Compute Engine API has not been used in project 1083748361977 before or it is disabled. Enable it by visiting https://console.developers.google.com/apis/api/compute.googleapis.com/overview?project=1083748361977 then retry. If you enabled this API recently, wait a few minutes for the action to propagate to our systems and retry.","domain":"usageLimits","reason":"accessNotConfigured","extendedHelp":"https://console.developers.google.com"}],"status":"PERMISSION_DENIED","details":[{"@type":"type.googleapis.com/google.rpc.ErrorInfo","reason":"SERVICE_DISABLED","domain":"googleapis.com","metadata":{"serviceTitle":"Compute Engine API","containerInfo":"1083748361977","service":"compute.googleapis.com","consumer":"projects/1083748361977","activationUrl":"https://console.developers.google.com/apis/api/compute.googleapis.com/overview?project=1083748361977"}},{"@type":"type.googleapis.com/google.rpc.LocalizedMessage","locale":"en-US","message":"Compute Engine API has not been used in project 1083748361977 before or it is disabled. Enable it by visiting https://console.developers.google.com/apis/api/compute.googleapis.com/overview?project=1083748361977 then retry. If you enabled this API recently, wait a few minutes for the action to propagate to our systems and retry."},{"@type":"type.googleapis.com/google.rpc.Help","links":[{"description":"Google developers console API activation","url":"https://console.developers.google.com/apis/api/compute.googleapis.com/overview?project=1083748361977"}]}]}},"response":{"statusCode":403}},"exit":1,"message":"Request to https://compute.googleapis.com/compute/v1/projects/1083748361977 had HTTP Error: 403, Compute Engine API has not been used in project 1083748361977 before or it is disabled. Enable it by visiting https://console.developers.google.com/apis/api/compute.googleapis.com/overview?project=1083748361977 then retry. If you enabled this API recently, wait a few minutes for the action to propagate to our systems and retry.","status":403}
[debug] [2025-10-09T20:17:38.180Z] Checked if tokens are valid: true, expires at: 1760043238566
[debug] [2025-10-09T20:17:38.181Z] Checked if tokens are valid: true, expires at: 1760043238566
[debug] [2025-10-09T20:17:38.181Z] >>> [apiv2][query] GET https://cloudbilling.googleapis.com/v1/projects/optify-definitivo/billingInfo [none]
[debug] [2025-10-09T20:17:39.428Z] <<< [apiv2][status] GET https://cloudbilling.googleapis.com/v1/projects/optify-definitivo/billingInfo 200
[debug] [2025-10-09T20:17:39.428Z] <<< [apiv2][body] GET https://cloudbilling.googleapis.com/v1/projects/optify-definitivo/billingInfo {"name":"projects/optify-definitivo/billingInfo","projectId":"optify-definitivo","billingAccountName":"billingAccounts/018CB9-28D1FF-AC0533","billingEnabled":true}
[info] i  functions: Skipping the deploy of unchanged functions. 
[info] +  functions[mpCreatePreference(us-central1)] Skipped (No changes detected) 
[info] +  functions[mpWebhook(us-central1)] Skipped (No changes detected) 
[info] +  functions[grantAdmin(us-central1)] Skipped (No changes detected) 
[debug] [2025-10-09T20:17:39.436Z] Total Function Deployment time: 1
[debug] [2025-10-09T20:17:39.436Z] 0 Functions Deployed
[debug] [2025-10-09T20:17:39.436Z] 0 Functions Errored
[debug] [2025-10-09T20:17:39.436Z] 0 Function Deployments Aborted
[debug] [2025-10-09T20:17:39.436Z] Average Function Deployment time: NaN
[debug] [2025-10-09T20:17:39.659Z] Not printing URL for HTTPS function. Typically this means it didn't match a filter or we failed deployment
[debug] [2025-10-09T20:17:39.659Z] Not printing URL for HTTPS function. Typically this means it didn't match a filter or we failed deployment
[debug] [2025-10-09T20:17:39.660Z] Not printing URL for HTTPS function. Typically this means it didn't match a filter or we failed deployment
[debug] [2025-10-09T20:17:39.660Z] Checked if tokens are valid: true, expires at: 1760043238566
[debug] [2025-10-09T20:17:39.660Z] Checked if tokens are valid: true, expires at: 1760043238566
[debug] [2025-10-09T20:17:39.660Z] >>> [apiv2][query] GET https://artifactregistry.googleapis.com/v1/projects/optify-definitivo/locations/us-central1/repositories/gcf-artifacts [none]
[debug] [2025-10-09T20:17:40.817Z] <<< [apiv2][status] GET https://artifactregistry.googleapis.com/v1/projects/optify-definitivo/locations/us-central1/repositories/gcf-artifacts 200
[debug] [2025-10-09T20:17:40.817Z] <<< [apiv2][body] GET https://artifactregistry.googleapis.com/v1/projects/optify-definitivo/locations/us-central1/repositories/gcf-artifacts {"name":"projects/optify-definitivo/locations/us-central1/repositories/gcf-artifacts","format":"DOCKER","description":"This repository is created and used by Cloud Functions for storing function docker images.","labels":{"goog-managed-by":"cloudfunctions"},"createTime":"2025-10-09T19:15:13.464112Z","updateTime":"2025-10-09T19:55:11.708055Z","mode":"STANDARD_REPOSITORY","sizeBytes":"111361157","vulnerabilityScanningConfig":{"lastEnableTime":"2025-10-09T19:15:05.091579259Z","enablementState":"SCANNING_DISABLED","enablementStateReason":"API containerscanning.googleapis.com is not enabled."},"satisfiesPzi":true,"registryUri":"us-central1-docker.pkg.dev/optify-definitivo/gcf-artifacts"}
[warn] !  functions: No cleanup policy detected for repositories in us-central1. This may result in a small monthly bill as container images accumulate over time. 
[debug] [2025-10-09T20:19:24.929Z] ExitPromptError: User force closed the prompt with SIGINT
    at Interface.sigint (C:\Users\teste\AppData\Roaming\npm\node_modules\firebase-tools\node_modules\@inquirer\core\dist\commonjs\lib\create-prompt.js:101:37)
    at Interface.emit (node:events:519:28)
    at Interface.emit (node:domain:489:12)
    at [_ttyWrite] [as _ttyWrite] (node:internal/readline/interface:1132:18)
    at ReadStream.onkeypress (node:internal/readline/interface:271:20)
    at ReadStream.emit (node:events:531:35)
    at ReadStream.emit (node:domain:489:12)
    at emitKeys (node:internal/readline/utils:370:14)
    at emitKeys.next (<anonymous>)
    at ReadStream.onData (node:internal/readline/emitKeypressEvents:64:36)
[error] 
[error] Error: An unexpected error has occurred.
